http://play.google.com/store/apps/details?id=globalcom.mobilenumberlocator
http://play.google.com/store/apps/details?id=com.ubusenius.PhotoEditingInstagram
http://play.google.com/store/apps/details?id=com.droidw.wifihotspot
http://play.google.com/store/apps/details?id=globalcom.cellphonetracker
http://play.google.com/store/apps/details?id=mobi.megeek.DesktopToggles
http://play.google.com/store/apps/details?id=owa.android.buildweb.eu
http://play.google.com/store/apps/details?id=video.to.kik.fileedition
http://play.google.com/store/apps/details?id=globalcom.mobiletracker
http://play.google.com/store/apps/details?id=bss.vlume.busrss
http://play.google.com/store/apps/details?id=globalcom.mobilenumbertracker
http://play.google.com/store/apps/details?id=com.delaoroy17.MakeASlideshow
http://play.google.com/store/apps/details?id=com.mangareader.edrem
http://play.google.com/store/apps/details?id=com.games.spongebobcamera
http://play.google.com/store/apps/details?id=com.herodraw.heroes
http://play.google.com/store/apps/details?id=com.thirtyfps.htdrawcomics
http://play.google.com/store/apps/details?id=com.bossysoft.mickeyclubvideos
http://play.google.com/store/apps/details?id=com.senabi.comicviewer
http://play.google.com/store/apps/details?id=com.sugardev.ninjaturtlescartoonvideos
http://play.google.com/store/apps/details?id=com.simpleApp.HelloKittyWallpaper
http://play.google.com/store/apps/details?id=com.family.guy.episodes
http://play.google.com/store/apps/details?id=com.pickleappstudio.app.MangaNarutoTranslations
http://play.google.com/store/apps/details?id=vaha.android.vreaderfree
http://play.google.com/store/apps/details?id=com.mylittleponygames.rainbowdash
http://play.google.com/store/apps/details?id=tulieservices.app.cartoonworld
http://play.google.com/store/apps/details?id=com.arlen.SamsungGalaxyRingtones
http://play.google.com/store/apps/details?id=com.javnsoft.narutoenglish
http://play.google.com/store/apps/details?id=com.titlejk.wallpapersgta5free
http://play.google.com/store/apps/details?id=com.wWritetoSpiderMan
http://play.google.com/store/apps/details?id=com.mlpgames.mylittleponychannel
http://play.google.com/store/apps/details?id=com.imagemagic.memegenerator
http://play.google.com/store/apps/details?id=com.hddevelopers.amazingspidermancartoons
http://play.google.com/store/apps/details?id=net.android.mangafoxreader
http://play.google.com/store/apps/details?id=com.cocojamboo.narutoeng
http://play.google.com/store/apps/details?id=com.ki.scanner
http://play.google.com/store/apps/details?id=com.wishapp.tomandjerrycartoonmovies
http://play.google.com/store/apps/details?id=com.dogstudio.mangareader
http://play.google.com/store/apps/details?id=com.octopusapps.mundonick
http://play.google.com/store/apps/details?id=com.bpan.attckontitan
http://play.google.com/store/apps/details?id=com.bitstrips.photo.viewer
http://play.google.com/store/apps/details?id=com.maddevelopers.familyGuycartoons
http://play.google.com/store/apps/details?id=com.pickleappstudio.app.BleachMangaViewer
http://play.google.com/store/apps/details?id=com.beenicely.sonicvideos
http://play.google.com/store/apps/details?id=com.javnsoft.dragonballenglish
http://play.google.com/store/apps/details?id=com.traditional.sailormoonss
http://play.google.com/store/apps/details?id=com.pickleappstudio.app.NarutoAkatsukiGuide
http://play.google.com/store/apps/details?id=com.daunstudio.baca.manga
http://play.google.com/store/apps/details?id=com.Luker.AngeloButterflyLiveWallpaper2
http://play.google.com/store/apps/details?id=com.arlen.BestAnimeRingtones
http://play.google.com/store/apps/details?id=com.sons.ChristmasSexyAnimeGirl
http://play.google.com/store/apps/details?id=com.bpan.deathnote
http://play.google.com/store/apps/details?id=com.wallpapers.onlinewallpapers
http://play.google.com/store/apps/details?id=com.bpan.gundam00
http://play.google.com/store/apps/details?id=com.Android.AertsLockScreenTheme
http://play.google.com/store/apps/details?id=com.simpleApp.OnePieceWallpaper
http://play.google.com/store/apps/details?id=com.simpleApp.BleachWallpaper
http://play.google.com/store/apps/details?id=com.sudev.girlsandweapons
http://play.google.com/store/apps/details?id=best.dude.drawing.anime.manga
http://play.google.com/store/apps/details?id=com.simpleApp.WallpapersNaruto
http://play.google.com/store/apps/details?id=com.zenip.huoyingrenzhe
http://play.google.com/store/apps/details?id=com.bpan.fairytail
http://play.google.com/store/apps/details?id=com.Luker.AngeloSkullLiveWallpaper4
http://play.google.com/store/apps/details?id=com.wWritetoWolverine
http://play.google.com/store/apps/details?id=com.c8jii.gundam
http://play.google.com/store/apps/details?id=com.Luker.AngeloButterflyLiveWallpaper4
http://play.google.com/store/apps/details?id=com.javnsoft.onepieceenglish
http://play.google.com/store/apps/details?id=com.pickleappstudio.NarutoShippudenSpecialHokageGuide
http://play.google.com/store/apps/details?id=com.sons.iChristmasSexyAnimeGirl
http://play.google.com/store/apps/details?id=com.Luker.AngeloSkullLiveWallpaper5
http://play.google.com/store/apps/details?id=com.erodev.narutooff.AOUQPIYUMEFZKVXD
http://play.google.com/store/apps/details?id=com.appsguru.fartbomb
http://play.google.com/store/apps/details?id=com.pickleappstudio.app.SasukeUchihaDataBook
http://play.google.com/store/apps/details?id=com.Luker.AngeloMeteorLiveWallpaper2
http://play.google.com/store/apps/details?id=com.td.twocomic
http://play.google.com/store/apps/details?id=chaochaogan.bestpapaer.AnimeGirl
http://play.google.com/store/apps/details?id=com.aus.BestAnimeRingtones
http://play.google.com/store/apps/details?id=com.pickleappstudio.apps.NarutoEightBall
http://play.google.com/store/apps/details?id=com.jeffer.BackgroundSoundMusicLite
http://play.google.com/store/apps/details?id=com.thinkfree.naruto___les_techniques
http://play.google.com/store/apps/details?id=com.liforte.truyenhay24h.truyentranh
http://play.google.com/store/apps/details?id=com.eddie.comic_reader
http://play.google.com/store/apps/details?id=com.hddevelopers.ironmancartoons
http://play.google.com/store/apps/details?id=com.isphinxt.mazingercartoon
http://play.google.com/store/apps/details?id=com.xplosivelabs.pedobear
http://play.google.com/store/apps/details?id=com.bpan.reborn
http://play.google.com/store/apps/details?id=com.wNinjaNaruto
http://play.google.com/store/apps/details?id=com.Android.AertsSkullLockScreenWallpaper
http://play.google.com/store/apps/details?id=com.stephany.sailormoonsailorstars
http://play.google.com/store/apps/details?id=com.eidev.wallpaper.shingeki.no.kyojin
http://play.google.com/store/apps/details?id=com.javnsoft.bestmanga
http://play.google.com/store/apps/details?id=com.Android.AertsJesusChristLockScreen
http://play.google.com/store/apps/details?id=com.hcc_apps.fartsounds
http://play.google.com/store/apps/details?id=com.memecomics.maker
http://play.google.com/store/apps/details?id=rus.naruto.grifalion
http://play.google.com/store/apps/details?id=com.nogard.hellsingmanga
http://play.google.com/store/apps/details?id=com.key.guerraWolvesLiveWallpaper
http://play.google.com/store/apps/details?id=com.gdfans.wallpaper.gdwp7
http://play.google.com/store/apps/details?id=grifalion.onepiece
http://play.google.com/store/apps/details?id=com.martin.HTCONERingtones
http://play.google.com/store/apps/details?id=com.pompomstudio.readmanga
http://play.google.com/store/apps/details?id=com.c8jii.kidtv
http://play.google.com/store/apps/details?id=com.justzen.animewallpaper
http://play.google.com/store/apps/details?id=com.jvs.nos
http://play.google.com/store/apps/details?id=com.winartsoft.nbawallpapersfree
http://play.google.com/store/apps/details?id=com.ann.lebronjames
http://play.google.com/store/apps/details?id=com.nba.ke
http://play.google.com/store/apps/details?id=com.cbssports.fbb
http://play.google.com/store/apps/details?id=com.ann.kd
http://play.google.com/store/apps/details?id=com.gallery.nbapictures
http://play.google.com/store/apps/details?id=com.dsm.maxpreps
http://play.google.com/store/apps/details?id=com.mgm.basketboard
http://play.google.com/store/apps/details?id=com.bpan.durant
http://play.google.com/store/apps/details?id=com.swoopt
http://play.google.com/store/apps/details?id=com.annvio.kyriewall
http://play.google.com/store/apps/details?id=com.nba.twok
http://play.google.com/store/apps/details?id=com.ann.stephen
http://play.google.com/store/apps/details?id=com.bpan.ajlee
http://play.google.com/store/apps/details?id=com.bpan.kobe
http://play.google.com/store/apps/details?id=com.bpan.cena
http://play.google.com/store/apps/details?id=com.annvio.reymysterio
http://play.google.com/store/apps/details?id=com.itsourtime
http://play.google.com/store/apps/details?id=com.dsm.ncsa
http://play.google.com/store/apps/details?id=com.bpan.undertaker
http://play.google.com/store/apps/details?id=com.bpan.sheamus
http://play.google.com/store/apps/details?id=com.bpan.mj
http://play.google.com/store/apps/details?id=com.pekok.nflthemesongringtones
http://play.google.com/store/apps/details?id=com.luongbeta.ytbcartoon.tennis
http://play.google.com/store/apps/details?id=com.bpan.cp3
http://play.google.com/store/apps/details?id=com.bpan.lebronjames
http://play.google.com/store/apps/details?id=com.ann.ajlee1
http://play.google.com/store/apps/details?id=com.wWrestlingChannel
http://play.google.com/store/apps/details?id=com.matches.wwevideosmatches2014
http://play.google.com/store/apps/details?id=com.annvio.jamesharden
http://play.google.com/store/apps/details?id=com.coloringbook.frozen
http://play.google.com/store/apps/details?id=com.coloringbook.lego
http://play.google.com/store/apps/details?id=com.sray.howtodrawmario
http://play.google.com/store/apps/details?id=com.coloringbook.minion
http://play.google.com/store/apps/details?id=com.coloringbook.kitty
http://play.google.com/store/apps/details?id=com.kids.bible.stories
http://play.google.com/store/apps/details?id=com.taptolearn.mathVsZombies
http://play.google.com/store/apps/details?id=com.myclub.monsterhigh
http://play.google.com/store/apps/details?id=com.myclub.pony
http://play.google.com/store/apps/details?id=eu.milastudio.facebookhackingtutorial
http://play.google.com/store/apps/details?id=com.babyfirsttv.larrythingsthatgogame
http://play.google.com/store/apps/details?id=com.myclub2.eahigh
http://play.google.com/store/apps/details?id=com.educational.tv
http://play.google.com/store/apps/details?id=com.coloringbook.tom
http://play.google.com/store/apps/details?id=com.how.todrawspongebobsquarepants.AOUQZFGKTFZNRNAMQ
http://play.google.com/store/apps/details?id=com.fdvddfdds.tutorials
http://play.google.com/store/apps/details?id=com.paint.tomjerry
http://play.google.com/store/apps/details?id=com.net.WatchMoviesForFree
http://play.google.com/store/apps/details?id=com.neon.xrayscanner
http://play.google.com/store/apps/details?id=com.wDoraMermaidAdventureGameInHDVideo
http://play.google.com/store/apps/details?id=com.nikshit.MovieDownloader
http://play.google.com/store/apps/details?id=com.ekwebs.movie.dub
http://play.google.com/store/apps/details?id=com.dimshik.prankcallmileycyrus
http://play.google.com/store/apps/details?id=app14563.vinebre
http://play.google.com/store/apps/details?id=com.ruuhkis.skintoolkit
http://play.google.com/store/apps/details?id=com.suite.izsuite
http://play.google.com/store/apps/details?id=com.droidwarrior.ioslockscreen
http://play.google.com/store/apps/details?id=com.rekodex.fremovidex
http://play.google.com/store/apps/details?id=com.appandroid.game.pokemonfusion
http://play.google.com/store/apps/details?id=com.kids.tv.shows
http://play.google.com/store/apps/details?id=find.music.world.org
http://play.google.com/store/apps/details?id=com.dimshik.prankcalljustinbieber
http://play.google.com/store/apps/details?id=com.loudtronix.mp3.downloader
http://play.google.com/store/apps/details?id=com.kids_channel
http://play.google.com/store/apps/details?id=com.TvShowsFree
http://play.google.com/store/apps/details?id=net.andromo.dev223027.app270361
http://play.google.com/store/apps/details?id=com.a202807321952ef12ec0697c4a.a68508126a
http://play.google.com/store/apps/details?id=com.andromo.dev279425.app265489
http://play.google.com/store/apps/details?id=children.movies.free
http://play.google.com/store/apps/details?id=com.ekwebs.movietube
http://play.google.com/store/apps/details?id=com.koko.smario
http://play.google.com/store/apps/details?id=com.fsdn.developer.pokemoncardviewerhd
http://play.google.com/store/apps/details?id=org.bananatech.film.a3
http://play.google.com/store/apps/details?id=com.tecnophonex.pandorax.searchmusic
http://play.google.com/store/apps/details?id=appinventor.ai_joangregori7.PokeEgg
http://play.google.com/store/apps/details?id=com.funapps.videodownloader
http://play.google.com/store/apps/details?id=com.pc.pgcine
http://play.google.com/store/apps/details?id=com.latest.country.music.ringtones
http://play.google.com/store/apps/details?id=com.emtree.legomarvelguide
http://play.google.com/store/apps/details?id=com.mvfull.movietube
http://play.google.com/store/apps/details?id=com.funmobi.ZombieBooth
http://play.google.com/store/apps/details?id=com.app4u.tappedouttipsandcheats
http://play.google.com/store/apps/details?id=com.phuong.tomandjerry
http://play.google.com/store/apps/details?id=com.pgtube.anime
http://play.google.com/store/apps/details?id=com.dharavistudios.youtubemovies
http://play.google.com/store/apps/details?id=com.poo.gta5hdwallpaper
http://play.google.com/store/apps/details?id=com.mp3download.mp3pandu
http://play.google.com/store/apps/details?id=com.movies_for_kids
http://play.google.com/store/apps/details?id=com.get.mp3.music
http://play.google.com/store/apps/details?id=com.mvation.moviebox
http://play.google.com/store/apps/details?id=com.ekwebs.cartoontube
http://play.google.com/store/apps/details?id=com.entertainment.hdmovies
http://play.google.com/store/apps/details?id=com.kids.cartoons
http://play.google.com/store/apps/details?id=appinventor.ai_azaotl.Caracola_Magica
http://play.google.com/store/apps/details?id=com.oatlabs.gunsounds
http://play.google.com/store/apps/details?id=com.bjtapp.newsongs
http://play.google.com/store/apps/details?id=com.goodbarber.pstarshub
http://play.google.com/store/apps/details?id=com.mardsoft.voicemod
http://play.google.com/store/apps/details?id=com.xiangwen.wallpaper.flapping.bird
http://play.google.com/store/apps/details?id=com.topgames.TrainSimulator3D
http://play.google.com/store/apps/details?id=com.dimshik.prankcalltaylorswift
http://play.google.com/store/apps/details?id=com.lopaulo.twd
http://play.google.com/store/apps/details?id=com.mobart.gsas
http://play.google.com/store/apps/details?id=com.videosguideminecraft
http://play.google.com/store/apps/details?id=com.sitrusyllc.herobrinePrank
http://play.google.com/store/apps/details?id=com.bestapps.wwe
http://play.google.com/store/apps/details?id=com.thevoda.lovecalculator
http://play.google.com/store/apps/details?id=com.dimshik.prankcalljustinbiebernew
http://play.google.com/store/apps/details?id=com.chanostudio.hellolittlekittywallpaper
http://play.google.com/store/apps/details?id=com.a123553294152e50985e78536a.a71405307a
http://play.google.com/store/apps/details?id=com.ll.letter_w_free.pay
http://play.google.com/store/apps/details?id=com.rivalry.fingerprint
http://play.google.com/store/apps/details?id=com.production.trusper
http://play.google.com/store/apps/details?id=com.a141715337252c47b3223de64a.a04874720a
http://play.google.com/store/apps/details?id=pebble.apps.pebbleapps
http://play.google.com/store/apps/details?id=com.chanostudio.myponylittlewallpaper
http://play.google.com/store/apps/details?id=com.diadev.lovesms
http://play.google.com/store/apps/details?id=com.ll.letter_v_free.pay
http://play.google.com/store/apps/details?id=com.mcsentul.bbmforgingerbeard
http://play.google.com/store/apps/details?id=com.chanostudio.robocop2014wallpaper
http://play.google.com/store/apps/details?id=com.swartzent.craftsteal
http://play.google.com/store/apps/details?id=com.oneapps.foodnetworkrecipes
http://play.google.com/store/apps/details?id=ta.make.up.ideas
http://play.google.com/store/apps/details?id=com.a171211208052cb2cc2a7db27a.a67182431a
http://play.google.com/store/apps/details?id=com.paritaappsdev.pokemonhdwallpaper
http://play.google.com/store/apps/details?id=com.currency.converter.pro
http://play.google.com/store/apps/details?id=com.jackhenry.SimmonsFirst
http://play.google.com/store/apps/details?id=com.harminkardin.battery.saver
http://play.google.com/store/apps/details?id=com.betterkeyboards.iphone.classic
http://play.google.com/store/apps/details?id=com.tanya.photoeffects
http://play.google.com/store/apps/details?id=us.battery.booster.in
http://play.google.com/store/apps/details?id=com.best.iphone5s.lockscreen
http://play.google.com/store/apps/details?id=com.truefanmedial.truemoviefan.fastandfurious
http://play.google.com/store/apps/details?id=com.top.live.wallpaper.tailed.beast
http://play.google.com/store/apps/details?id=com.photoandroid.funia
http://play.google.com/store/apps/details?id=claymor2.megacharizard
http://play.google.com/store/apps/details?id=claymor2.gokuspirit
http://play.google.com/store/apps/details?id=claymor2.megablastoise
http://play.google.com/store/apps/details?id=com.baard.games.fart.sounds
http://play.google.com/store/apps/details?id=apptech.ilauncher7free
http://play.google.com/store/apps/details?id=com.batman.wallpaper.free
http://play.google.com/store/apps/details?id=com.yellowdroidapp.heroeslivewallpaper
http://play.google.com/store/apps/details?id=com.jonny.touch.Waterfall3DLiveWallpaper
http://play.google.com/store/apps/details?id=com.idddx.wallpaper.ironman
http://play.google.com/store/apps/details?id=com.zhanglisoft.photoeditor
http://play.google.com/store/apps/details?id=com.dd.ultimatesaiyanfusions
http://play.google.com/store/apps/details?id=samtecvisualsoftware.blackbutlerlwpfree
http://play.google.com/store/apps/details?id=com.baard.games.volume.booster
http://play.google.com/store/apps/details?id=com.autobot.wallpaper.free
http://play.google.com/store/apps/details?id=com.re.supersaiyan4livewallpaper
http://play.google.com/store/apps/details?id=com.wwp.sonofsaiyan
http://play.google.com/store/apps/details?id=com.templarm.vegeta
http://play.google.com/store/apps/details?id=com.followliker.followliker
http://play.google.com/store/apps/details?id=com.sssfffkkkooo.apps.scr
http://play.google.com/store/apps/details?id=com.gezginsoft.photoshopimages
http://play.google.com/store/apps/details?id=com.ss.photocollagecreator
http://play.google.com/store/apps/details?id=huss.apps117
http://play.google.com/store/apps/details?id=com.camera.mylittlepony
http://play.google.com/store/apps/details?id=me.onemobile.momancamera
http://play.google.com/store/apps/details?id=com.appsdevbypuugan.thelegomoviehdwallpaper
http://play.google.com/store/apps/details?id=slide.cameraZoom.coolborders
http://play.google.com/store/apps/details?id=com.funmobi.MakeMeWoman
http://play.google.com/store/apps/details?id=air.intollogy.photoskin
http://play.google.com/store/apps/details?id=com.mylittleponygames.equestriagirl
http://play.google.com/store/apps/details?id=net.schwarzis.game_cih
http://play.google.com/store/apps/details?id=me.onemobile.android.gp
http://play.google.com/store/apps/details?id=com.droidwarrior.xinternetspeed
http://play.google.com/store/apps/details?id=com.bearshare.musicfree
http://play.google.com/store/apps/details?id=com.flashlighthd.app
http://play.google.com/store/apps/details?id=com.for2w.appshare
http://play.google.com/store/apps/details?id=com.brnk.apps.fbhacker
http://play.google.com/store/apps/details?id=app.lock.smart.protect
http://play.google.com/store/apps/details?id=live.cool.InstaDownloader
http://play.google.com/store/apps/details?id=com.slvd.android.ebook.Kidsbook4
http://play.google.com/store/apps/details?id=com.sitrusy.minecraftWiki
http://play.google.com/store/apps/details?id=com.appsharerr.how_to_draw_pokemon
http://play.google.com/store/apps/details?id=com.dreamstep.wBarnesNoble
http://play.google.com/store/apps/details?id=com.oceanred.minehq
http://play.google.com/store/apps/details?id=com.andromo.dev54199.app229624
http://play.google.com/store/apps/details?id=com.slvd.android.ebook.Kidsbook1
http://play.google.com/store/apps/details?id=com.star.planet.kbjgiohwunei
http://play.google.com/store/apps/details?id=com.handyguide.Pokemon_Cheats.New
http://play.google.com/store/apps/details?id=com.bobostudios.gta5cheats
http://play.google.com/store/apps/details?id=com.slvd.android.ebook.Kidsbook2
http://play.google.com/store/apps/details?id=com.a13527686952ed55a80c3fd7a.a59128544a
http://play.google.com/store/apps/details?id=com.handyguide.Pokemon_Cheats
http://play.google.com/store/apps/details?id=com.eseyte.oipigde
http://play.google.com/store/apps/details?id=cheats.codes.galore
http://play.google.com/store/apps/details?id=com.blogspot.varancollins.sims3pets
http://play.google.com/store/apps/details?id=com.sublimis.glowmymind
http://play.google.com/store/apps/details?id=com.schoolapps.human_anatomy_quiz
http://play.google.com/store/apps/details?id=com.venture.labs.shoot.crack.broken.screen.stress.relief.prank
http://play.google.com/store/apps/details?id=org.Immunizationed.Shots
http://play.google.com/store/apps/details?id=com.ubiqi_health.ubiqimt
http://play.google.com/store/apps/details?id=com.movie.tube.cube
http://play.google.com/store/apps/details?id=com.movie.tube
http://play.google.com/store/apps/details?id=com.appima.mickeymouse
http://play.google.com/store/apps/details?id=com.ekwebs.movie
http://play.google.com/store/apps/details?id=lv.studios.videotubekids
http://play.google.com/store/apps/details?id=com.desoft.animes.dragonball.fights
http://play.google.com/store/apps/details?id=dga.abmoa.mvoiet
http://play.google.com/store/apps/details?id=video.to.kik
http://play.google.com/store/apps/details?id=com.jhonnysapps.videodownloader
http://play.google.com/store/apps/details?id=com.lia.newworld
http://play.google.com/store/apps/details?id=com.emtree.legomarvel
http://play.google.com/store/apps/details?id=com.lia.minecraftstyle
http://play.google.com/store/apps/details?id=com.lia.emeralds
http://play.google.com/store/apps/details?id=com.best.developer.tube.downloader.video.audio.mp3.music.player
http://play.google.com/store/apps/details?id=com.titlejk.wwevideos
http://play.google.com/store/apps/details?id=com.mobilemerit.ani
http://play.google.com/store/apps/details?id=com.newwindsoft.animemovies
http://play.google.com/store/apps/details?id=com.ekwebs.movie_hd
http://play.google.com/store/apps/details?id=com.tv.show2
http://play.google.com/store/apps/details?id=com.lia.crafted
http://play.google.com/store/apps/details?id=com.itubebrowser
http://play.google.com/store/apps/details?id=com.NewSuperMarioBrosWalkthrough.APP
http://play.google.com/store/apps/details?id=com.ibean.minniemouseepisodes
http://play.google.com/store/apps/details?id=com.kids_movie_player
http://play.google.com/store/apps/details?id=com.znqmobile.cartoonringtones
http://play.google.com/store/apps/details?id=com.nondust.videodownloader
http://play.google.com/store/apps/details?id=com.rahul.DownloadEverythingNext
http://play.google.com/store/apps/details?id=com.servo.ulimatevideoplayer
http://play.google.com/store/apps/details?id=star.war.videoplayer
http://play.google.com/store/apps/details?id=com.androlizer.yify.torrents
http://play.google.com/store/apps/details?id=com.emtree.chimagame
http://play.google.com/store/apps/details?id=com.mdcgate.livemedia
http://play.google.com/store/apps/details?id=com.p1.sonic
http://play.google.com/store/apps/details?id=com.chanostudio.makeaslideshow2014
http://play.google.com/store/apps/details?id=com.lia.traindriveby
http://play.google.com/store/apps/details?id=com.emtree.starwars2
http://play.google.com/store/apps/details?id=com.videodownloader.videoder
http://play.google.com/store/apps/details?id=com.titlejk.wweroyalrumble2014
http://play.google.com/store/apps/details?id=com.znqmobile.gta5ringtones
http://play.google.com/store/apps/details?id=com.desoft.animes.naruto.fights
http://play.google.com/store/apps/details?id=com.lia.craftthis
http://play.google.com/store/apps/details?id=com.znqmobile.austinally
http://play.google.com/store/apps/details?id=f.i.u.m92
http://play.google.com/store/apps/details?id=com.dload.movie
http://play.google.com/store/apps/details?id=instagram.download
http://play.google.com/store/apps/details?id=com.emtree.pirates
http://play.google.com/store/apps/details?id=com.serpentboy.superwhy
http://play.google.com/store/apps/details?id=com.maanapps.video.and.audio.downloader.mp3.player
http://play.google.com/store/apps/details?id=com.qianxun.yingshi2
http://play.google.com/store/apps/details?id=com.lihuats.player
http://play.google.com/store/apps/details?id=com.downlxnnvcc3.virindonesia
http://play.google.com/store/apps/details?id=com.wTeamUmizoomiSeries
http://play.google.com/store/apps/details?id=com.serpentboy.ninjago
http://play.google.com/store/apps/details?id=download.video.free.org
http://play.google.com/store/apps/details?id=com.downloadall2
http://play.google.com/store/apps/details?id=com.emtree.harrypotter
http://play.google.com/store/apps/details?id=com.downlxnnvcc4.virindonesia
http://play.google.com/store/apps/details?id=com.emtree.lordrings
http://play.google.com/store/apps/details?id=com.lms.dontmine
http://play.google.com/store/apps/details?id=com.solarspark.scdownloader
http://play.google.com/store/apps/details?id=com.buddy.musicstream
http://play.google.com/store/apps/details?id=com.emtree.batman2
http://play.google.com/store/apps/details?id=com.hdqfollow.musicfactory
http://play.google.com/store/apps/details?id=com.download.video2audio
http://play.google.com/store/apps/details?id=com.tech49.easy.mp3download
http://play.google.com/store/apps/details?id=com.yulin.mp3search
http://play.google.com/store/apps/details?id=com.snovabits.mobile.andorid.app.wwe.comedy.dialogues
http://play.google.com/store/apps/details?id=com.kompeni.mp3download
http://play.google.com/store/apps/details?id=com.tinglabs.music.ultimatedownloader
http://play.google.com/store/apps/details?id=com.vorma.bajarmusicagratis
http://play.google.com/store/apps/details?id=com.av.mp3download
http://play.google.com/store/apps/details?id=com.nielsmasdorp.bestsoundboard
http://play.google.com/store/apps/details?id=com.vientooscuro.downloader_admob
http://play.google.com/store/apps/details?id=music.tube.free
http://play.google.com/store/apps/details?id=com.trickybanana.sounds.starwars
http://play.google.com/store/apps/details?id=com.toromp3
http://play.google.com/store/apps/details?id=com.musica.descargarmp3
http://play.google.com/store/apps/details?id=com.tunesto.mobile2
http://play.google.com/store/apps/details?id=jadeed.era.sounds
http://play.google.com/store/apps/details?id=com.safeena.volume.booster
http://play.google.com/store/apps/details?id=com.neev.infotech.games.music.ringtones
http://play.google.com/store/apps/details?id=com.zmoozy.musiclover
http://play.google.com/store/apps/details?id=com.lihuats.ringtonepro
http://play.google.com/store/apps/details?id=com.fundroidapp.lilwaynee.ringtones
http://play.google.com/store/apps/details?id=com.mp3music.maniapro
http://play.google.com/store/apps/details?id=com.voithalab.drak.ringtones
http://play.google.com/store/apps/details?id=com.programmi.pepmusic
http://play.google.com/store/apps/details?id=com.w.video2audiodownload
http://play.google.com/store/apps/details?id=com.musicheihei.jacklily06
http://play.google.com/store/apps/details?id=br.jmoreira.sonic
http://play.google.com/store/apps/details?id=com.musicmax.music
http://play.google.com/store/apps/details?id=com.voithalab.classic.rock.ringtones
http://play.google.com/store/apps/details?id=com.lihuats.ringtonerealpro
http://play.google.com/store/apps/details?id=com.a.mp3download
http://play.google.com/store/apps/details?id=com.zc.mp3musicdownload
http://play.google.com/store/apps/details?id=com.rainmasterdo.lyricme
http://play.google.com/store/apps/details?id=com.jarudev.mrmp3
http://play.google.com/store/apps/details?id=com.wMp3sKullDoWnLoaD
http://play.google.com/store/apps/details?id=com.kludgery.android.spotin
http://play.google.com/store/apps/details?id=com.free.mp3download
http://play.google.com/store/apps/details?id=com.andromo.dev286357.app277448
http://play.google.com/store/apps/details?id=com.classic.country.music.ringtones
http://play.google.com/store/apps/details?id=com.music.rain
http://play.google.com/store/apps/details?id=com.songsFreeMusic
http://play.google.com/store/apps/details?id=com.lihuats.ringtone
http://play.google.com/store/apps/details?id=com.ultimate.idea.musicgrabberultimate
http://play.google.com/store/apps/details?id=com.fundroidapp.beyonceknowles.ringtones
http://play.google.com/store/apps/details?id=com.andromo.dev288494.app274638
http://play.google.com/store/apps/details?id=com.amusic.mp3
http://play.google.com/store/apps/details?id=com.album.art
http://play.google.com/store/apps/details?id=com.voithalab.eminem.ringtones
http://play.google.com/store/apps/details?id=com.neev.infotech.old.music.ringtones
http://play.google.com/store/apps/details?id=us.download.music
http://play.google.com/store/apps/details?id=com.h.descargarmusica
http://play.google.com/store/apps/details?id=com.galau.fastermp3download.free
http://play.google.com/store/apps/details?id=com.voithalab.minaj.ringtones
http://play.google.com/store/apps/details?id=codename.music.life4
http://play.google.com/store/apps/details?id=com.mp3skull.tv
http://play.google.com/store/apps/details?id=com.download.songfile.apptool
http://play.google.com/store/apps/details?id=com.se.descargarmp3
http://play.google.com/store/apps/details?id=com.fundroidapp.top50.ringtones
http://play.google.com/store/apps/details?id=com.hainkostok.samsunggalaxyssssringtones
http://play.google.com/store/apps/details?id=com.vad.ypmusicfree
http://play.google.com/store/apps/details?id=com.asap.screenlock
http://play.google.com/store/apps/details?id=com.proven.jobsearch
http://play.google.com/store/apps/details?id=com.ww951Designs
http://play.google.com/store/apps/details?id=com.invoiceasap.invoiceasapweb
http://play.google.com/store/apps/details?id=com.wMakeEasyCashOnline
http://play.google.com/store/apps/details?id=com.goo.players.sitsltnelrgr
http://play.google.com/store/apps/details?id=me.onemobile.android.lite
http://play.google.com/store/apps/details?id=com.foxnews.android.googletv
http://play.google.com/store/apps/details?id=com.andromo.dev288494.app274805
http://play.google.com/store/apps/details?id=com.azcentral.android
http://play.google.com/store/apps/details?id=com.iops.webgizm
http://play.google.com/store/apps/details?id=com.a203023152052dc318ea88512a.a55310514a
http://play.google.com/store/apps/details?id=com.vice.com
http://play.google.com/store/apps/details?id=com.jb.gosms.theme.pinkzebrafree
http://play.google.com/store/apps/details?id=com.phonemetra.turbo.launcher.theme.iOS7
http://play.google.com/store/apps/details?id=com.phonemetra.turbo.launcher
http://play.google.com/store/apps/details?id=com.appzee.itheme
http://play.google.com/store/apps/details?id=com.jb.gokeyboard.theme.ThemeJunky.diamond
http://play.google.com/store/apps/details?id=com.jb.gosms.theme.pinkcheetahsmsad
http://play.google.com/store/apps/details?id=com.jb.gosms.theme.getjar.cards
http://play.google.com/store/apps/details?id=com.memono.controlcenter
http://play.google.com/store/apps/details?id=com.agerosoft.skulls
http://play.google.com/store/apps/details?id=com.ifont.kapp.dev
http://play.google.com/store/apps/details?id=com.jb.gosms.theme.bwpinkdiamondfree
http://play.google.com/store/apps/details?id=com.Yerdergan.SweetsWallpapers
http://play.google.com/store/apps/details?id=com.pinknoze.flatconpack
http://play.google.com/store/apps/details?id=com.jb.gosms.theme.bwpinkzebrafree
http://play.google.com/store/apps/details?id=com.Yerdergan.MuffinsWallpapers
http://play.google.com/store/apps/details?id=ic.lunar.amazingspiderman2
http://play.google.com/store/apps/details?id=com.winartsoft.wwewallpapersfree
http://play.google.com/store/apps/details?id=com.jb.gosms.theme.heartneonfree
http://play.google.com/store/apps/details?id=com.jb.gosms.theme.cherryblossomfree
http://play.google.com/store/apps/details?id=com.jb.gosms.theme.themejunky.prettybow
http://play.google.com/store/apps/details?id=com.infagram.frozenpeoplelivewallpaper
http://play.google.com/store/apps/details?id=com.gau.go.launcherex.theme.pinkleofree
http://play.google.com/store/apps/details?id=com.phonemetra.turbo.launcher.iconpack.iOS7
http://play.google.com/store/apps/details?id=com.jb.gosms.theme.rainbowzebrafree
http://play.google.com/store/apps/details?id=com.agerosoft.flowers
http://play.google.com/store/apps/details?id=mp3.music.proapps
http://play.google.com/store/apps/details?id=com.jb.gosms.theme.xoblackgoldleofree
http://play.google.com/store/apps/details?id=com.agerosoft.beautiful
http://play.google.com/store/apps/details?id=com.jb.gosms.theme.purpleleopardfree
http://play.google.com/store/apps/details?id=com.arc.studios.windows8
http://play.google.com/store/apps/details?id=me.onemobile.apkmaster
http://play.google.com/store/apps/details?id=us.soundbooster
http://play.google.com/store/apps/details?id=com.appsmentor.myperiodtracker
http://play.google.com/store/apps/details?id=com.paperdev.embarazada
http://play.google.com/store/apps/details?id=com.redbird.zumbafitness
http://play.google.com/store/apps/details?id=com.makemysystem.pregnancytips
http://play.google.com/store/apps/details?id=com.specialk
http://play.google.com/store/apps/details?id=com.androidsurfers.brazilian.butt.workouts
http://play.google.com/store/apps/details?id=appinventor.ai_lateslip59.Workout
http://play.google.com/store/apps/details?id=com.wEssentialOils
http://play.google.com/store/apps/details?id=arlind.shiko.Shqip
http://play.google.com/store/apps/details?id=com.heal.yourself
http://play.google.com/store/apps/details?id=com.androidsurfers.butt.sculpting.exercises
http://play.google.com/store/apps/details?id=com.viaden.yogacom
http://play.google.com/store/apps/details?id=com.androidsurfers.fatburning.yoga
http://play.google.com/store/apps/details?id=com.viaden.caloriecounter
http://play.google.com/store/apps/details?id=com.bobostudios.minuteabsfree
http://play.google.com/store/apps/details?id=com.ilkay01.retricaviewer
http://play.google.com/store/apps/details?id=appinventor.ai_EDATech3300.HookUP
http://play.google.com/store/apps/details?id=com.cam2.cam2
http://play.google.com/store/apps/details?id=com.andromo.dev133664.app264650
http://play.google.com/store/apps/details?id=tracker.instagram
http://play.google.com/store/apps/details?id=com.wInstagramWebversiya
http://play.google.com/store/apps/details?id=br.com.webadger.locator.activity
http://play.google.com/store/apps/details?id=com.decadeappincdev.appdevs
http://play.google.com/store/apps/details?id=appinventor.ai_sweetdiscreetmobile.SweetDiscreet
http://play.google.com/store/apps/details?id=appinventor.ai_ThomasMatthews3296.BlackTryst
http://play.google.com/store/apps/details?id=net.snovabits.mobile.android.app.invitationmaker.free
http://play.google.com/store/apps/details?id=com.bwilsongamerz.glad
http://play.google.com/store/apps/details?id=com.luvsxent.achats
http://play.google.com/store/apps/details?id=com.flirtchallenge
http://play.google.com/store/apps/details?id=jp.co.sony.tablet.PersonalSpace
http://play.google.com/store/apps/details?id=appinventor.ai_mobiledatinginc.AsianDating
http://play.google.com/store/apps/details?id=com.immomo.momo
http://play.google.com/store/apps/details?id=info.mkplan.lineCuteStamp
http://play.google.com/store/apps/details?id=com.dreamstep.wAIReese
http://play.google.com/store/apps/details?id=com.vicwebcore.adates
http://play.google.com/store/apps/details?id=com.wemeet.viapp
http://play.google.com/store/apps/details?id=inversus.webnativa.imagenesconfrasesdeamor
http://play.google.com/store/apps/details?id=emoticon.kik
http://play.google.com/store/apps/details?id=com.jcappsoftinc.mtk.juno
http://play.google.com/store/apps/details?id=biz.app4mobile.app_531a78c3056f497c8a832a405237bcc0.app
http://play.google.com/store/apps/details?id=instagram.downloads
http://play.google.com/store/apps/details?id=com.freeguidetango
http://play.google.com/store/apps/details?id=lesbian.dating.chat.lesbianlove.lesbiandating.lesbianchat.lesbiansocial.lesbianstory
http://play.google.com/store/apps/details?id=com.darkcryptor.facebookpasswordstealerfree
http://play.google.com/store/apps/details?id=com.system.familyreader
http://play.google.com/store/apps/details?id=com.wTeenLesbianChatandDating
http://play.google.com/store/apps/details?id=com.wGayTeenageChat
http://play.google.com/store/apps/details?id=com.videosguideoovoo
http://play.google.com/store/apps/details?id=my.numerology
http://play.google.com/store/apps/details?id=com.laxin.wallpaper.weather
http://play.google.com/store/apps/details?id=com.getaroundcity.trafficsmart.y2013.free
http://play.google.com/store/apps/details?id=com.andromo.dev266178.app251798
http://play.google.com/store/apps/details?id=com.googleplaces
http://play.google.com/store/apps/details?id=com.hotspotm.fightcraft3DDE
http://play.google.com/store/apps/details?id=com.gamesweplay.AngryMonsterTruck
http://play.google.com/store/apps/details?id=com.hallo.Drift
http://play.google.com/store/apps/details?id=com.topgames.Kart3D
http://play.google.com/store/apps/details?id=com.oceanred.horsecraft
http://play.google.com/store/apps/details?id=air.com.Ninja.Racing.checkpoint
http://play.google.com/store/apps/details?id=com.mad8studio.stuntbiker
http://play.google.com/store/apps/details?id=com.hallo.Highway
http://play.google.com/store/apps/details?id=com.laxin.wallpaper.racingcar
http://play.google.com/store/apps/details?id=com.zhenyun.baby.day
http://play.google.com/store/apps/details?id=com.rober.NeedForUltimateSpeed
http://play.google.com/store/apps/details?id=com.mad8studio.snowrider
http://play.google.com/store/apps/details?id=com.msi.tron3d
http://play.google.com/store/apps/details?id=com.ice.skiing1
http://play.google.com/store/apps/details?id=com.topgames.limoparkingsim
http://play.google.com/store/apps/details?id=com.turnerashleighlk.speedracingmoto
http://play.google.com/store/apps/details?id=com.Abigail.Carlos4DWaterfallLiveWallpaper
http://play.google.com/store/apps/details?id=com.xjboth.Furious
http://play.google.com/store/apps/details?id=com.shockwave.prisonbreak
http://play.google.com/store/apps/details?id=com.gamesweplay.GrannyRun
http://play.google.com/store/apps/details?id=com.westkieth.ATVExtremeRacing
http://play.google.com/store/apps/details?id=com.droidgenieapps.rollercoasteradventure
http://play.google.com/store/apps/details?id=com.gamecenter.MonsterTruckDrivers
http://play.google.com/store/apps/details?id=com.bubblesoft.boozybird
http://play.google.com/store/apps/details?id=com.saunder.sundays.stomachsurgery
http://play.google.com/store/apps/details?id=com.james.babypreschool
http://play.google.com/store/apps/details?id=com.frantzfanny.carevabyherself
http://play.google.com/store/apps/details?id=com.enniscolliner.babydeliciousdinner
http://play.google.com/store/apps/details?id=air.MakeoverDressupLite
http://play.google.com/store/apps/details?id=air.BeautySpasSalon
http://play.google.com/store/apps/details?id=air.taskafagames.cutebabybedtime
http://play.google.com/store/apps/details?id=com.enniscolliner.babylearnpainting
http://play.google.com/store/apps/details?id=com.resources.ten.BabyIntheSand2
http://play.google.com/store/apps/details?id=com.joy8mibile.mixgenius
http://play.google.com/store/apps/details?id=com.enniscolliner.babyvarepet
http://play.google.com/store/apps/details?id=air.taskafagames.babyfirstcake
http://play.google.com/store/apps/details?id=com.resources.ten.babymakedinnerherself
http://play.google.com/store/apps/details?id=com.hasslavern.babyparty
http://play.google.com/store/apps/details?id=air.taskafagames.cutebabyflowergirl
http://play.google.com/store/apps/details?id=air.taskafagames.cutebabybackyardparty
http://play.google.com/store/apps/details?id=com.hasslavern.babyfishing
http://play.google.com/store/apps/details?id=air.taskafagames.cutebabymischieftime
http://play.google.com/store/apps/details?id=air.taskafagames.cutebabyvalentinesday
http://play.google.com/store/apps/details?id=com.hasslavern.Weddingbabyhaircut
http://play.google.com/store/apps/details?id=air.taskafagamaes.cutebabybrushingtime
http://play.google.com/store/apps/details?id=air.BeachGirlDressUp
http://play.google.com/store/apps/details?id=com.topbitmedia.hipsurgery
http://play.google.com/store/apps/details?id=air.taskafagames.cutebabybirthdaysurprise
http://play.google.com/store/apps/details?id=com.ice.cream.cone.maker
http://play.google.com/store/apps/details?id=com.gpmobdevelop.MyLittleToys
http://play.google.com/store/apps/details?id=com.vectorlabs.fingerprint.lockscanner
http://play.google.com/store/apps/details?id=air.oyunlaroynama.babyhazelcupcake
http://play.google.com/store/apps/details?id=air.taskafagames.cutebabyatbeach
http://play.google.com/store/apps/details?id=com.crazy.surgery
http://play.google.com/store/apps/details?id=com.james.babymakesnowman
http://play.google.com/store/apps/details?id=com.topbitmedia.babycarecenter
http://play.google.com/store/apps/details?id=jj.com.despicablemechristmascheats
http://play.google.com/store/apps/details?id=com.monopoly.lfft
http://play.google.com/store/apps/details?id=mitt.basketballfight3d
http://play.google.com/store/apps/details?id=com.nexonm.nbabattleinthepaint
http://play.google.com/store/apps/details?id=com.fromthebenchgames.nbamanager14
http://play.google.com/store/apps/details?id=com.rober.MadnessMotoRacing
http://play.google.com/store/apps/details?id=com.naquatic.accfootball
http://play.google.com/store/apps/details?id=com.gamescenter.skaterhero3d
http://play.google.com/store/apps/details?id=com.gameswelove.superbowling3d
http://play.google.com/store/apps/details?id=com.topgames.MonsterTruckBattle
http://play.google.com/store/apps/details?id=com.topgames.SkeetShooting3D.player
http://play.google.com/store/apps/details?id=com.droid.cheats
http://play.google.com/store/apps/details?id=com.gamescenter.fingerboard3d
http://play.google.com/store/apps/details?id=com.gamesweplay.rollercoaster3d
http://play.google.com/store/apps/details?id=iamsinger.cheatsguide.nba.jam
http://play.google.com/store/apps/details?id=com.scottnataliee.bmxbiker
http://play.google.com/store/apps/details?id=com.hotspotm.SnowboardHills3DIT
http://play.google.com/store/apps/details?id=com.ajani.basketballshoot_30108895
http://play.google.com/store/apps/details?id=cn.zhenyun.Boxingrace
http://play.google.com/store/apps/details?id=com.poplegend.boxing
http://play.google.com/store/apps/details?id=com.gamesweplay.archerytrain
http://play.google.com/store/apps/details?id=com.rivalrygames.fantasysport
http://play.google.com/store/apps/details?id=com.hotspotm.volaincielo3dIT
http://play.google.com/store/apps/details?id=org.us.puzzle.footballamerica
http://play.google.com/store/apps/details?id=com.nextquizfun.basketballquiz
http://play.google.com/store/apps/details?id=com.eviltyrant.shootingdarts
http://play.google.com/store/apps/details?id=com.sons.extremeoffroadrally
http://play.google.com/store/apps/details?id=com.hotspotm.SnowboardHills3DGR
http://play.google.com/store/apps/details?id=com.fuji.vision.SpyNightVisionCameraPro
http://play.google.com/store/apps/details?id=com.live.wall.papers.galaxyqiqiu
http://play.google.com/store/apps/details?id=com.ganzo.ifps
http://play.google.com/store/apps/details?id=com.hailin.wallpaper.wwe
http://play.google.com/store/apps/details?id=com.ganzo.glauncher
http://play.google.com/store/apps/details?id=com.lzc.live.wallpaper.snake
http://play.google.com/store/apps/details?id=com.lzc.live.wallpaper.rain
http://play.google.com/store/apps/details?id=com.droidgenieapps.rollercoasterthemeparklwp
http://play.google.com/store/apps/details?id=com.hailin.wallpaper.dna
http://play.google.com/store/apps/details?id=com.live.wall.papers.dna
http://play.google.com/store/apps/details?id=com.venture.labs.unlock.car.alarm.joke.prank
http://play.google.com/store/apps/details?id=com.paperparallax.glitter
http://play.google.com/store/apps/details?id=com.hailin.wallpaper.ghostrider
http://play.google.com/store/apps/details?id=com.laxin.wallpaper.snake
http://play.google.com/store/apps/details?id=com.droidgenieapps.rollercoasterremix
http://play.google.com/store/apps/details?id=com.lzc.live.wallpaper.tornado
http://play.google.com/store/apps/details?id=com.laxin.wallpaper.watercandle
http://play.google.com/store/apps/details?id=com.droidgenieapps.blueicyheart
http://play.google.com/store/apps/details?id=com.lzc.live.wallpaper.electric
http://play.google.com/store/apps/details?id=com.d3.fish.wallpaper
http://play.google.com/store/apps/details?id=com.droidgenieapps.heartratemonitor
http://play.google.com/store/apps/details?id=com.Abigail.CarlosDolphinLiveWallpaper
http://play.google.com/store/apps/details?id=com.laxin.wallpaper.snake2
http://play.google.com/store/apps/details?id=com.hailin.wallpaper.tornado
http://play.google.com/store/apps/details?id=com.key.guerraUnicornLiveWallpaper
http://play.google.com/store/apps/details?id=com.frozen.bubbleplus
http://play.google.com/store/apps/details?id=com.hailin.wallpaper.ep
http://play.google.com/store/apps/details?id=com.lzc.live.wallpaper.deer
http://play.google.com/store/apps/details?id=com.droidgenieapps.realpovcoaster
http://play.google.com/store/apps/details?id=com.live.wall.papers.weather
http://play.google.com/store/apps/details?id=com.Luker.Angelo5DWaterfallLiveWallpaper
http://play.google.com/store/apps/details?id=com.hailin.wallpaper.aquarium
http://play.google.com/store/apps/details?id=com.lzc.live.wallpaper.fire
http://play.google.com/store/apps/details?id=us.wifi.hacker.password.breaker.hackers1
http://play.google.com/store/apps/details?id=com.droidgenieapps.rainbowillusion
http://play.google.com/store/apps/details?id=com.key.guerraDinosaurLiveWallpaper
http://play.google.com/store/apps/details?id=com.live.wall.papers.jinli
http://play.google.com/store/apps/details?id=com.laxin.wallpaper.death
http://play.google.com/store/apps/details?id=com.lzc.live.wallpaper.supercar
http://play.google.com/store/apps/details?id=jp.wfa.sumaso.moekano
http://play.google.com/store/apps/details?id=com.lzc.live.wallpaper.city
http://play.google.com/store/apps/details?id=com.venture.labs.gravity.tiles.saga
http://play.google.com/store/apps/details?id=com.Luker.AngeloCarLiveWallpaper3
http://play.google.com/store/apps/details?id=com.lzc.live.wallpaper.candle
http://play.google.com/store/apps/details?id=com.live.wall.papers.fishs
http://play.google.com/store/apps/details?id=us.facebook.hacker.hackers
http://play.google.com/store/apps/details?id=com.lzc.live.wallpaper.nature
http://play.google.com/store/apps/details?id=com.Abigail.CarlosJumpingDolphinLiveWallpaper
http://play.google.com/store/apps/details?id=com.hailin.wallpaper.earthgalaxy
http://play.google.com/store/apps/details?id=com.constellasys.crazyuno
http://play.google.com/store/apps/details?id=org.msk86.ygoroid
http://play.google.com/store/apps/details?id=com.eviltyrant.doodlejump
http://play.google.com/store/apps/details?id=com.proactiveapps.vegastitans
http://play.google.com/store/apps/details?id=com.ysicorp.zumareturn
http://play.google.com/store/apps/details?id=com.besmartapp.kidscoloringbookshero
http://play.google.com/store/apps/details?id=com.kidspuzzle.easykidspuzzlesgames
http://play.google.com/store/apps/details?id=com.scannerpoke.pokemon
http://play.google.com/store/apps/details?id=air.CanYouEscapePrison
http://play.google.com/store/apps/details?id=com.alexejik.cars
http://play.google.com/store/apps/details?id=com.amiiinc.zumafrog
http://play.google.com/store/apps/details?id=com.temple.treasure.hunter.run
http://play.google.com/store/apps/details?id=com.memorygame.cartoons26012014
http://play.google.com/store/apps/details?id=com.msi.guessthepic
http://play.google.com/store/apps/details?id=com.climaxcafe.minionofpuzzle
http://play.google.com/store/apps/details?id=com.wordworld.wordfriends
http://play.google.com/store/apps/details?id=com.yxg.xruni
http://play.google.com/store/apps/details?id=com.ogame.cleverbird
http://play.google.com/store/apps/details?id=com.fgol.sharkfree3
http://play.google.com/store/apps/details?id=plus.plus.scareyourfriends
http://play.google.com/store/apps/details?id=com.photon.BilliardPool
http://play.google.com/store/apps/details?id=com.zynga.digitallegends.respawnables
http://play.google.com/store/apps/details?id=com.gamesweplay.huningAnimWinter
http://play.google.com/store/apps/details?id=com.oceanred.gladiatorbattlecraft3d
http://play.google.com/store/apps/details?id=com.fgol.sharkfree
http://play.google.com/store/apps/details?id=com.gamesweplay.FightCraft3D
http://play.google.com/store/apps/details?id=com.topgames.craftgun3d
http://play.google.com/store/apps/details?id=com.fgol.sharkfree2
http://play.google.com/store/apps/details?id=com.gamesweplay.warshooter3D
http://play.google.com/store/apps/details?id=com.oceanred.kickthesantasteve
http://play.google.com/store/apps/details?id=com.grandti.gtguide.GRANDVGUIDETIPSTRICKS
http://play.google.com/store/apps/details?id=com.oceanred.kickthebadgrandpa
http://play.google.com/store/apps/details?id=com.gameswelove.kungfucraft
http://play.google.com/store/apps/details?id=com.cutemicky.playdatefun
http://play.google.com/store/apps/details?id=com.joy8mibile.elitesniper
http://play.google.com/store/apps/details?id=com.reh.truker
http://play.google.com/store/apps/details?id=com.timekiller.RealSteelBoxing
http://play.google.com/store/apps/details?id=com.snapshot.flapabird
http://play.google.com/store/apps/details?id=com.fgol.shark3
http://play.google.com/store/apps/details?id=com.lstgms.eliteforce
http://play.google.com/store/apps/details?id=mitt.robotsinvasion3d
http://play.google.com/store/apps/details?id=com.morrocgame.free
http://play.google.com/store/apps/details?id=com.chanostudio.howtobuildahousegame2014
http://play.google.com/store/apps/details?id=com.pinoyhaus.flappypipe
http://play.google.com/store/apps/details?id=com.faqmobile.subwaytips
http://play.google.com/store/apps/details?id=com.ittop.FootSpaForKids
http://play.google.com/store/apps/details?id=com.gamesweplay.StreetFighting3D
http://play.google.com/store/apps/details?id=com.oceanred.kickthevalentinegirl
http://play.google.com/store/apps/details?id=com.Ins.Fruit3d
http://play.google.com/store/apps/details?id=com.gamesweplay.icehunt3d
http://play.google.com/store/apps/details?id=com.purplepenguin.chopperbuilder
http://play.google.com/store/apps/details?id=air.myspiders
http://play.google.com/store/apps/details?id=com.fgol.shark
http://play.google.com/store/apps/details?id=com.a18445036915234d3abbe9550a.a04633669a
http://play.google.com/store/apps/details?id=com.activision.skylanders.lostislandshttps://play.google.com/store/apps/details?id=se.feomedia.quizkampen.de.lite
https://play.google.com/store/apps/details?id=wer.wird.millionaer.free
https://play.google.com/store/apps/details?id=wer.wird.millionaer.zwei
https://play.google.com/store/apps/details?id=com.papa.papapizza
https://play.google.com/store/apps/details?id=com.zencap.DirtBikeRallyFree
https://play.google.com/store/apps/details?id=com.romiapps.lie.detector
https://play.google.com/store/apps/details?id=com.mozosoft.flippybird
https://play.google.com/store/apps/details?id=com.bslapps1.gbc
https://play.google.com/store/apps/details?id=com.com2us.summitxsnowboard.normal.tryandbuy.google.global.android.common
https://play.google.com/store/apps/details?id=com.zynga.digitallegends.respawnables
https://play.google.com/store/apps/details?id=air.TheImpossibleGame
https://play.google.com/store/apps/details?id=com.flying.duck.flight.birdie.flappybird
https://play.google.com/store/apps/details?id=de.online.game.base.frauenfernbedienung
https://play.google.com/store/apps/details?id=com.htc.tetris
https://play.google.com/store/apps/details?id=com.fallenhell.plumbergames
https://play.google.com/store/apps/details?id=com.teamlava.restaurantstoryhttp://play.google.com/store/apps/details?id=com.aviary.android.feather.plugins.borders.free
http://play.google.com/store/apps/details?id=com.ilock.iphone5c.iphonelocker
http://play.google.com/store/apps/details?id=ginlemon.homebase
http://play.google.com/store/apps/details?id=com.Chilloutappsassassinscreedblackflag
http://play.google.com/store/apps/details?id=com.ilock.galaxys3ilock.ilocker.iphonelocker
http://play.google.com/store/apps/details?id=com.Wright.GeorSkullWallpaper
http://play.google.com/store/apps/details?id=com.Luker.AngeloScreenSaverLiveWallpaper
http://play.google.com/store/apps/details?id=com.ilock.htcones.htconesilock.htciphonelocker
http://play.google.com/store/apps/details?id=com.Luker.AngeloHypnosis2
http://play.google.com/store/apps/details?id=com.ilock.iphonelocker.iphone5s
http://play.google.com/store/apps/details?id=com.ilock.lgoptimusgproilock.ilocker.lgoptimusgproiphonelocker
http://play.google.com/store/apps/details?id=com.Wright.GeorGuns
http://play.google.com/store/apps/details?id=com.Wright.GeorMostBeautifulWallpaper
http://play.google.com/store/apps/details?id=com.apptemple.theme.apple.iphone5.ripple.livewallpaper.hd
http://play.google.com/store/apps/details?id=com.Abigail.CarlosSnakeLiveWallpaper3
http://play.google.com/store/apps/details?id=com.Wright.GeorBestFunnyWallpaper
http://play.google.com/store/apps/details?id=com.galaxy.s3.ringtones.galaxyringtone
http://play.google.com/store/apps/details?id=com.greeshhemrajani.theme.motorola.droidultra.cube.livewallpaper.hd
http://play.google.com/store/apps/details?id=com.cs.iphone.ilock.locker.samsung.galaxy.s2
http://play.google.com/store/apps/details?id=com.ilock.eminem.celebrity.eminemiphonelocker
http://play.google.com/store/apps/details?id=com.htconexwallpaper.htconex.wallpaper
http://play.google.com/store/apps/details?id=com.apptemple.theme.apple.iphone5c.ripple.livewallpaper.hd
http://play.google.com/store/apps/details?id=com.wall.galaxys3.wallpaper.galaxys
http://play.google.com/store/apps/details?id=com.ilock.galaxynoteIIilock.ilocker.iphonelocker
http://play.google.com/store/apps/details?id=com.newandroid.ringtones.androidringtone
http://play.google.com/store/apps/details?id=com.apptemple.theme.xbox.one.ripple.livewallpaper.hd
http://play.google.com/store/apps/details?id=com.Luker.AngeloScreenSaverFreeLiveWallpaper
http://play.google.com/store/apps/details?id=com.Chilloutbeatz.Assasinscreedrelease
http://play.google.com/store/apps/details?id=com.Wright.GeorTattooPattern
http://play.google.com/store/apps/details?id=com.iphone5s.wall.iphone5swallpaper.iphone5swallpaper
http://play.google.com/store/apps/details?id=com.galaxysilock.galaxys4.ilocker.iphonelocker
http://play.google.com/store/apps/details?id=com.key.guerraHadesSkullLiveWallpaper
http://play.google.com/store/apps/details?id=com.Wright.GeorDinosaur
http://play.google.com/store/apps/details?id=com.apptemple.theme.samsung.megasix.three.ripple.livewallpaper.hd
http://play.google.com/store/apps/details?id=com.apptemple.theme.lg.gflex.ripple.livewallpaper.hd
http://play.google.com/store/apps/details?id=com.Luker.AngeloHypnosis
http://play.google.com/store/apps/details?id=com.ilock.sonyxperiazilock.iphonelocker
http://play.google.com/store/apps/details?id=com.Abigail.CarlosHorrorLiveWallpaper
http://play.google.com/store/apps/details?id=com.Luker.AngeloChristianLiveWallpaper
http://play.google.com/store/apps/details?id=com.wallpaper.galaxys4wallpaper
http://play.google.com/store/apps/details?id=com.reggae.ringtones.reggaeringtone
http://play.google.com/store/apps/details?id=com.motorola.theme.droidmaxx.ripple.livewallpaper.hd
http://play.google.com/store/apps/details?id=com.Luker.AngeloHorrorLiveWallpaper
http://play.google.com/store/apps/details?id=com.hip.hop.ringtones.hip.hopringtone
http://play.google.com/store/apps/details?id=com.greeshhemrajani.theme.nokia.windows8.cube.livewallpaper.hd
http://play.google.com/store/apps/details?id=com.Luker.AngeloSeaBeachLiveWallpaper
http://play.google.com/store/apps/details?id=com.apptemple.theme.samsung.s3mini.ripple.livewallpaper.hd
http://play.google.com/store/apps/details?id=com.ilock.galaxymegailock.ilocker.galaxymegaiphonelocker
http://play.google.com/store/apps/details?id=com.Luker.AngeloSkullLiveWallpaper3
http://play.google.com/store/apps/details?id=com.ilock.htconex.htconexilock.htcxiphonelocker
http://play.google.com/store/apps/details?id=com.cs.iphone.ilock.locker.samsung.galaxy.note2
http://play.google.com/store/apps/details?id=com.wall.galaxynoteii.galaxywallpaper
http://play.google.com/store/apps/details?id=com.apptemple.theme.apple.iphone4s.ripple.livewallpaper.hd
http://play.google.com/store/apps/details?id=com.Wright.Geor3DWolvesWallpaper
http://play.google.com/store/apps/details?id=com.cs.iphone.ilock.locker.samsung.galaxy.note3
http://play.google.com/store/apps/details?id=com.islamic.ringtones.islamicringtone
http://play.google.com/store/apps/details?id=com.iphone5c.wall.wallpaper.iphone5cswallpaper
http://play.google.com/store/apps/details?id=com.cs.iphone.ilock.locker.htc.droid.dna
http://play.google.com/store/apps/details?id=com.a4dring.ringtones.ringringtone
http://play.google.com/store/apps/details?id=com.r3dracingcar.ringtones.carringtone
http://play.google.com/store/apps/details?id=com.cs.iphone.ilock.locker.samsung.galaxy.s
http://play.google.com/store/apps/details?id=com.lgptimusp880.wall.wallpaper.lgptimusp880wallpaper
http://play.google.com/store/apps/details?id=com.apptemple.theme.htc.onemax.ripple.livewallpaper.hd
http://play.google.com/store/apps/details?id=com.streat.ball.ringtones.streatballringtone
http://play.google.com/store/apps/details?id=com.apptemple.theme.samsung.s5.ripple.livewallpaper.hd
http://play.google.com/store/apps/details?id=com.apptemple.theme.apple.iphone5s.ripple.livewallpaper.hd
http://play.google.com/store/apps/details?id=com.martin.HotIslamicRingtones
http://play.google.com/store/apps/details?id=com.romantic.ringtones.romanticringtone
http://play.google.com/store/apps/details?id=com.Luker.AngeloTimeTunnelLiveWallpaper
http://play.google.com/store/apps/details?id=com.cs.iphone.ilock.locker.sony.xperia.s
http://play.google.com/store/apps/details?id=com.ilock.akon.celebrity.akoniphonelocker
http://play.google.com/store/apps/details?id=com.Abigail.CarlosAndroidRobotLiveWallpaper
http://play.google.com/store/apps/details?id=com.lgoptimusgpro.wall.wallpaper.lgoptimusgwallpaper
http://play.google.com/store/apps/details?id=com.ilock.locker.fairies.iphonelocker
http://play.google.com/store/apps/details?id=com.b3dbird.songs.ringtones.birdringtone
http://play.google.com/store/apps/details?id=com.ilock.denisemilani.celebrity.denisemilaniiphonelocker
http://play.google.com/store/apps/details?id=com.Abigail.CarlosJumpingDolphinLiveWallpaper2
http://play.google.com/store/apps/details?id=com.free.tone.MostPopularRingtone
http://play.google.com/store/apps/details?id=com.ilock.locker.dragon.iphonelocker
http://play.google.com/store/apps/details?id=com.Wright.GeorBestLockScreen
http://play.google.com/store/apps/details?id=com.Luker.AngeloGalaxyS3LiveWallpaper
http://play.google.com/store/apps/details?id=com.ilock.nexus7.nexus7ilock.nexus7iphonelocker
http://play.google.com/store/apps/details?id=com.Wright.GeorBrokenScreenWallpaper
http://play.google.com/store/apps/details?id=com.Luker.AngeloChristianLiveWallpaper2
http://play.google.com/store/apps/details?id=com.nexus7wallpaper.nexus7.wallpaper
http://play.google.com/store/apps/details?id=com.ilock.lgoptimusp880ilock.ilocker.lgoptimusp880iphonelocker
http://play.google.com/store/apps/details?id=com.apptemple.theme.motorola.droidultra.ripple.livewallpaper.hd
http://play.google.com/store/apps/details?id=com.greeshhemrajani.theme.samsung.megasix.three.cube.livewallpaper.hd
http://play.google.com/store/apps/details?id=com.greeshhemrajani.theme.samsung.s4zoom.cube.livewallpaper.hd
http://play.google.com/store/apps/details?id=com.Wright.Geor3DButterflyTheme
http://play.google.com/store/apps/details?id=com.greeshhemrajani.theme.samsung.note10.cube.livewallpaper.hd
http://play.google.com/store/apps/details?id=com.rober.SpaceWallpaperHD
http://play.google.com/store/apps/details?id=com.Wright.GeorTattooPatternLibrary
http://play.google.com/store/apps/details?id=com.ilock.carmenelectra.celebrity.carmenelectraiphonelocker
http://play.google.com/store/apps/details?id=com.greeshhemrajani.theme.htc.one.cube.livewallpaper.hd
http://play.google.com/store/apps/details?id=com.ilock.motoxilock.ilocker.motorolaiphonelocker
http://play.google.com/store/apps/details?id=com.key.guerra3DWaterfallLiveWallpaper
http://play.google.com/store/apps/details?id=com.Android.AertsUniverseLockScreenTheme
http://play.google.com/store/apps/details?id=com.apptemple.theme.samsungGalaxy.note3.ripple.livewallpaper.hd
http://play.google.com/store/apps/details?id=com.wall.galaxynote.galaxynotewallpaper
http://play.google.com/store/apps/details?id=com.galaxymega.wall.wallpaper.galaxymegawallpaper
http://play.google.com/store/apps/details?id=com.ilock.lgoptimusgilock.ilocker.lgoptimusgiphonelocker
http://play.google.com/store/apps/details?id=com.Abigail.CarlosLightningLiveWallpaper2
http://play.google.com/store/apps/details?id=com.ilock.locker.kiss.iphonelocker
http://play.google.com/store/apps/details?id=com.ilock.nexus4.nexus4ilock.nexus4iphonelocker
http://play.google.com/store/apps/details?id=com.greeshhemrajani.theme.lg.gflex.cube.livewallpaper.hd
http://play.google.com/store/apps/details?id=com.ilock.galaxys4miniilock.ilocker.galaxys4miniiphonelocker
http://play.google.com/store/apps/details?id=com.ilock.christinaaguilera.celebrity.christinaaguileraiphonelocker
http://play.google.com/store/apps/details?id=com.apptemple.theme.samsung.note2.ripple.livewallpaper.hd
http://play.google.com/store/apps/details?id=com.apptemple.theme.samsung.note3.ripple.livewallpaper.hd
http://play.google.com/store/apps/details?id=com.livewallpaper3d.locker.fireskull.cubefireskull
http://play.google.com/store/apps/details?id=com.ilock.britneyspears.celebrity.britneyspearsiphonelocker
http://play.google.com/store/apps/details?id=com.Luker.AngeloForestLiveWallpaper
http://play.google.com/store/apps/details?id=com.policecar.hotparsuit.ringtones.policecarringtone
http://play.google.com/store/apps/details?id=com.apptemple.theme.samsung.megafive.eight.ripple.livewallpaper.hd
http://play.google.com/store/apps/details?id=com.Luker.AngeloFloodDragonLiveWallpaper
http://play.google.com/store/apps/details?id=fango.an.app26
http://play.google.com/store/apps/details?id=com.appsforyou.fanapps.robertgriffiniii115
http://play.google.com/store/apps/details?id=com.apptemple.theme.htc.droiddna.ripple.livewallpaper.hd
http://play.google.com/store/apps/details?id=com.Abigail.CarlosLightningLiveWallpaper6
http://play.google.com/store/apps/details?id=com.apptemple.theme.lg.g2.ripple.livewallpaper.hd
http://play.google.com/store/apps/details?id=com.magic.piano.ringtones.magicpianoringtone
http://play.google.com/store/apps/details?id=com.funny.rap.ringtones.funnyringtone
http://play.google.com/store/apps/details?id=com.Luker.AngeloSnakeLiveWallpaper
http://play.google.com/store/apps/details?id=com.ilock.jenniferlopez.celebrity.jenniferlopeziphonelocker
http://play.google.com/store/apps/details?id=com.lgoptimusg.wall.wallpaper.lgoptimusgwallpaper
http://play.google.com/store/apps/details?id=com.htm.mysocialcolor
http://play.google.com/store/apps/details?id=fb.downloadmanager
http://play.google.com/store/apps/details?id=com.kwang101.adventuretimehero
http://play.google.com/store/apps/details?id=com.kwang101.minecraftwallpaper
http://play.google.com/store/apps/details?id=com.enriharuka.sao
http://play.google.com/store/apps/details?id=com.enriharuka.tomodachi
http://play.google.com/store/apps/details?id=com.enriharuka.kuro
http://play.google.com/store/apps/details?id=com.allmanga.pokemonru
http://play.google.com/store/apps/details?id=com.a787922118518ec64765e9c2a.a16565962a
http://play.google.com/store/apps/details?id=com.abccorp.nozokianaspain
http://play.google.com/store/apps/details?id=com.enriharuka.istr
http://play.google.com/store/apps/details?id=thomasandfriends.one
http://play.google.com/store/apps/details?id=com.abccorp.pokemonspain
http://play.google.com/store/apps/details?id=com.abccorp.pokemonportugal
http://play.google.com/store/apps/details?id=peppapigepisodes.one
http://play.google.com/store/apps/details?id=com.enriharuka.brs
http://play.google.com/store/apps/details?id=com.abccorp.narutospain
http://play.google.com/store/apps/details?id=com.enriharuka.gunda
http://play.google.com/store/apps/details?id=com.jadestudio.princesscartoon
http://play.google.com/store/apps/details?id=com.allmanga.kissxsisru
http://play.google.com/store/apps/details?id=com.kwang101.onepiecexxwall55
http://play.google.com/store/apps/details?id=yepeer.com.inuyasha.en
http://play.google.com/store/apps/details?id=com.sumcomics.spain
http://play.google.com/store/apps/details?id=com.enriharuka.miku
http://play.google.com/store/apps/details?id=com.abccorp.fullmetalarchemistportugal
http://play.google.com/store/apps/details?id=com.enriharuka.fate
http://play.google.com/store/apps/details?id=com.jvs.fullap
http://play.google.com/store/apps/details?id=com.enriharuka.totori
http://play.google.com/store/apps/details?id=is.gazou.app.free
http://play.google.com/store/apps/details?id=com.codigoentrelineas.eMangaTest
http://play.google.com/store/apps/details?id=com.topmanga.kiminoirumachiindo
http://play.google.com/store/apps/details?id=com.eumangas.ravemastergermany
http://play.google.com/store/apps/details?id=com.abccorp.narutoar
http://play.google.com/store/apps/details?id=com.Denice.TorresbLoveProverbshttp://play.google.com/store/apps/details?id=com.koushikdutta.cast.license
http://play.google.com/store/apps/details?id=com.dreamstep.wPhoneZooMobilebb
http://play.google.com/store/apps/details?id=com.phonegap.allemulador
http://play.google.com/store/apps/details?id=com.swepsie.cartoonsoundboardPro
http://play.google.com/store/apps/details?id=com.gadgetmastersonline.trainworldbuilderfull
http://play.google.com/store/apps/details?id=pilestudios.shadowbot
http://play.google.com/store/apps/details?id=ringtones.tng
http://play.google.com/store/apps/details?id=com.cimigod.pokemonxy.guide
http://play.google.com/store/apps/details?id=com.cimigod.gtav.guide
http://play.google.com/store/apps/details?id=bytes.boondocks.season3
http://play.google.com/store/apps/details?id=com.mardsoft.crazyvoicechangerpro
http://play.google.com/store/apps/details?id=com.rubbs.fingerprint.scannerlock.paid
http://play.google.com/store/apps/details?id=ringtones.tos
http://play.google.com/store/apps/details?id=appinventor.ai_katil171717.CamWowRetro
http://play.google.com/store/apps/details?id=com.cimigod.mgscodec.pro
http://play.google.com/store/apps/details?id=de.eyyeyy.finalfantasy4guide
http://play.google.com/store/apps/details?id=de.eyyeyy.finalfantasyvguide
http://play.google.com/store/apps/details?id=com.darkcryptor.facebookpasswordstealer
http://play.google.com/store/apps/details?id=ringtones.swscone
http://play.google.com/store/apps/details?id=pebble.dice
http://play.google.com/store/apps/details?id=ringtones.swsctwo
http://play.google.com/store/apps/details?id=eyespyfx.worldcams
http://play.google.com/store/apps/details?id=de.eyyeyy.finalfantasy4afteryearsguide
http://play.google.com/store/apps/details?id=com.cimigod.battlefield4.guide
http://play.google.com/store/apps/details?id=pebble.stopwatch
http://play.google.com/store/apps/details?id=com.twincoders.growapp
http://play.google.com/store/apps/details?id=pebble.pomodoro
http://play.google.com/store/apps/details?id=pebble.torch
http://play.google.com/store/apps/details?id=me.henji.pebblepluspro
http://play.google.com/store/apps/details?id=com.pebble.watchface.lp
http://play.google.com/store/apps/details?id=com.mbpro.steveharvey
http://play.google.com/store/apps/details?id=com.calanoa.ccs
http://play.google.com/store/apps/details?id=com.andromo.dev272507.app272344
http://play.google.com/store/apps/details?id=com.glaretechnosys.PhotoshopEffects
http://play.google.com/store/apps/details?id=appinventor.ai_katil171717.CamWow
http://play.google.com/store/apps/details?id=com.tsgames.pictureinfo
http://play.google.com/store/apps/details?id=com.tssystems.photomate.raw
http://play.google.com/store/apps/details?id=com.laxin.wallpaper.payphotowall
http://play.google.com/store/apps/details?id=net.phunehehe.foocam
http://play.google.com/store/apps/details?id=com.sitrusy.minecraftSkins
http://play.google.com/store/apps/details?id=com.three.minit
http://play.google.com/store/apps/details?id=pl.damianpiwowarski.krome
http://play.google.com/store/apps/details?id=com.terboel.findspyappspro
http://play.google.com/store/apps/details?id=com.vesperaNovus.app.StartupAuditor
http://play.google.com/store/apps/details?id=com.androidyou.wifiloginnew
http://play.google.com/store/apps/details?id=unlock.owa.android.buildweb.eu
http://play.google.com/store/apps/details?id=com.jb.gosms.theme.ios_7
http://play.google.com/store/apps/details?id=ru.contacts.touchwiz.widget
http://play.google.com/store/apps/details?id=com.webenhet.roblox
http://play.google.com/store/apps/details?id=com.sound.recorder
http://play.google.com/store/apps/details?id=ru.contacts.widgetpro
http://play.google.com/store/apps/details?id=com.modoohut.dialer.theme_facebook
http://play.google.com/store/apps/details?id=unlock.hotmail.buildweb.eu
http://play.google.com/store/apps/details?id=org.twosimplecreations.fakemailerpro
http://play.google.com/store/apps/details?id=com.terboel.phoneautoanswerpro
http://play.google.com/store/apps/details?id=com.blackout.paidupdater
http://play.google.com/store/apps/details?id=bigdx.kitkatx.dark
http://play.google.com/store/apps/details?id=com.jb.gosms.pctheme.newiosseven
http://play.google.com/store/apps/details?id=com.aitype.android.theme.os7
http://play.google.com/store/apps/details?id=com.turndav.skininstaller2
http://play.google.com/store/apps/details?id=com.jb.gokeyboard.theme.theme7
http://play.google.com/store/apps/details?id=com.handcent.sms.skin.i7pink
http://play.google.com/store/apps/details?id=com.jb.gosms.theme_7_Gold
http://play.google.com/store/apps/details?id=com.modoohut.dialer.theme_iOS7
http://play.google.com/store/apps/details?id=com.aitype.android.theme.os7_pink
http://play.google.com/store/apps/details?id=com.apexnova.theme.flat
http://play.google.com/store/apps/details?id=com.aitype.android.theme.os7_gold
http://play.google.com/store/apps/details?id=brionicthemes.kitkat.golauncherex.experience
http://play.google.com/store/apps/details?id=com.aitype.android.theme.g2
http://play.google.com/store/apps/details?id=com.aitype.android.theme.sgs5
http://play.google.com/store/apps/details?id=com.jb.gosms.theme.ios_7_pink
http://play.google.com/store/apps/details?id=pebble.timer
http://play.google.com/store/apps/details?id=com.wfacebookProfessionalplus
http://play.google.com/store/apps/details?id=com.ifttt.gate
http://play.google.com/store/apps/details?id=com.arc.studios.windowslauncherpaid
http://play.google.com/store/apps/details?id=com.arc.studios.windows8paid
http://play.google.com/store/apps/details?id=air.com.xlabz.GroovyNotes
http://play.google.com/store/apps/details?id=www.sagitalcasheng.net
http://play.google.com/store/apps/details?id=net.ramglobal.mymoneymanager
http://play.google.com/store/apps/details?id=com.appmk.magazine.AOUPRFMJRUNACPAGWX
http://play.google.com/store/apps/details?id=com.appmk.magazine.AOUPVCBXHYVPSDDNE
http://play.google.com/store/apps/details?id=com.appmk.magazine.AOUPVBYHXMUPONTBD
http://play.google.com/store/apps/details?id=com.becks7113.pokedexter
http://play.google.com/store/apps/details?id=com.appmk.magazine.AOURDCQSGBXBCYRUBG
http://play.google.com/store/apps/details?id=com.appmk.magazine.AOUQGESQDDCGMIZXO
http://play.google.com/store/apps/details?id=com.sitrusy.minecraftSeedsPro
http://play.google.com/store/apps/details?id=com.sitrusy.minecraftCheats
http://play.google.com/store/apps/details?id=com.appmk.magazine.AOUQHBGADMCNLKRCT
http://play.google.com/store/apps/details?id=com.sitrusy.twoHundredSeeds
http://play.google.com/store/apps/details?id=com.appmk.magazine.AOURACHDTDBAGTXQNA
http://play.google.com/store/apps/details?id=com.sitrusy.minecraftSeedsUltmt
http://play.google.com/store/apps/details?id=com.cookingsousvide.sousvide
http://play.google.com/store/apps/details?id=com.appmk.book.AOUQHEXFZUXCRQYKM
http://play.google.com/store/apps/details?id=com.appmk.magazine.AOUQOFCZQARACSWCID
http://play.google.com/store/apps/details?id=com.sitrusy.skyrimguide
http://play.google.com/store/apps/details?id=com.appmk.magazine.AOUQGDKKOEAIITICI
http://play.google.com/store/apps/details?id=com.appmk.magazine.AOUPVEIWPHOLFUA
http://play.google.com/store/apps/details?id=com.MarksThinkTank.AroundSoundPro
http://play.google.com/store/apps/details?id=com.ssfive.watchtv
http://play.google.com/store/apps/details?id=com.ssone.watchtv
http://play.google.com/store/apps/details?id=com.sstwo.watchtv
http://play.google.com/store/apps/details?id=com.movies.englishmoviesadsfree
http://play.google.com/store/apps/details?id=com.cogniance.agora
http://play.google.com/store/apps/details?id=pku.shengbin.hevplayer
http://play.google.com/store/apps/details?id=com.wYouTubeN2mp3
http://play.google.com/store/apps/details?id=com.picus.wpUnlocker
http://play.google.com/store/apps/details?id=com.beatronik.djstudiodemog9zx
http://play.google.com/store/apps/details?id=com.MaxCinema.Virtual_Dj
http://play.google.com/store/apps/details?id=com.terboel.sarp
http://play.google.com/store/apps/details?id=com.downloadvideo2audiopro
http://play.google.com/store/apps/details?id=com.xme.beatpad
http://play.google.com/store/apps/details?id=net.ramglobal.mymusic
http://play.google.com/store/apps/details?id=com.adjproo6ou
http://play.google.com/store/apps/details?id=com.cranf.android.deepware.brainwaves.pro
http://play.google.com/store/apps/details?id=org.immunizationed.shots
http://play.google.com/store/apps/details?id=com.sprockitapps.ptcbexam
http://play.google.com/store/apps/details?id=com.sprockitapps.nasmexam
http://play.google.com/store/apps/details?id=com.sprockitapps.ccrnexam
http://play.google.com/store/apps/details?id=com.sprockitapps.nclexexam
http://play.google.com/store/apps/details?id=com.sprockitapps.pcatexam
http://play.google.com/store/apps/details?id=com.sprockitapps.emtexam
http://play.google.com/store/apps/details?id=com.efab.minionslivewallpaper
http://play.google.com/store/apps/details?id=apptech.ilauncher7pro
http://play.google.com/store/apps/details?id=com.mangareader.key.edrem
http://play.google.com/store/apps/details?id=ui.comic.puregirl_1
http://play.google.com/store/apps/details?id=com.pzizz.bundle
http://play.google.com/store/apps/details?id=appinventor.ai_TriggrApp.WorkoutPro
http://play.google.com/store/apps/details?id=com.becks7113.crossfitpr
http://play.google.com/store/apps/details?id=com.bobostudios.minuteabs
http://play.google.com/store/apps/details?id=com.paperdev.embarazadapro
http://play.google.com/store/apps/details?id=net.smach.halal
http://play.google.com/store/apps/details?id=appinventor.ai_benspersonalfitness.CoreTrainer
http://play.google.com/store/apps/details?id=com.mobilnet.decor.gp.facebook
http://play.google.com/store/apps/details?id=com.mobilnet.decor.gp.kik
http://play.google.com/store/apps/details?id=com.mobilnet.decoradult.gp.viber1
http://play.google.com/store/apps/details?id=com.mobilnet.decor.gp.hangouts
http://play.google.com/store/apps/details?id=com.mobilnet.decoradult.gp.wechat
http://play.google.com/store/apps/details?id=com.mobilnet.decor.gp.kakao1
http://play.google.com/store/apps/details?id=com.mobilnet.decor.gp.viber
http://play.google.com/store/apps/details?id=com.mobilnet.decor.gp.line
http://play.google.com/store/apps/details?id=net.snovabits.mobile.android.app.invitationmaker.pro
http://play.google.com/store/apps/details?id=com.mobilnet.decor.gp.whatsapp
http://play.google.com/store/apps/details?id=com.mobilnet.decor.gp.wechat
http://play.google.com/store/apps/details?id=com.joesappfactory.peoplesearcher_frontend
http://play.google.com/store/apps/details?id=com.mobilnet.decor.gp.voxer
http://play.google.com/store/apps/details?id=com.mobilnet.decor.gp.twitter
http://play.google.com/store/apps/details?id=com.skutteoleg.dwf4
http://play.google.com/store/apps/details?id=com.snovabits.mobile.android.app.politicalideologiespro
http://play.google.com/store/apps/details?id=com.sega.CrazyTaxi
http://play.google.com/store/apps/details?id=com.companyname.Galaga_Tribute5
http://play.google.com/store/apps/details?id=com.pixelgun3d.pro
http://play.google.com/store/apps/details?id=com.companyname.zombie_kong5
http://play.google.com/store/apps/details?id=com.companyname.centipede_strike6
http://play.google.com/store/apps/details?id=supermatio.ma
http://play.google.com/store/apps/details?id=com.softpauer.f1timingapp2013
http://play.google.com/store/apps/details?id=com.universalcheer.tumbling
http://play.google.com/store/apps/details?id=com.mintbc.frn
http://play.google.com/store/apps/details?id=com.conduit.app_c454e396dc5a43a8b77a401cef2474b8.app
http://play.google.com/store/apps/details?id=com.transparent.android.byki.HaitianCreoleEnglish
http://play.google.com/store/apps/details?id=com.transparent.android.byki.SpanishEnglish
http://play.google.com/store/apps/details?id=best_kids_videos.app.toddler_tv
http://play.google.com/store/apps/details?id=com.pocketresume
http://play.google.com/store/apps/details?id=com.wInvestopediaimproved
http://play.google.com/store/apps/details?id=com.reader.pro
http://play.google.com/store/apps/details?id=com.andromo.dev65166.app70206
http://play.google.com/store/apps/details?id=com.becks7113.weather
http://play.google.com/store/apps/details?id=com.mazolab.radar
http://play.google.com/store/apps/details?id=com.rey.torquethemesci
http://play.google.com/store/apps/details?id=com.mvgis
http://play.google.com/store/apps/details?id=com.swiftkaytech.centrobuspro
http://play.google.com/store/apps/details?id=com.getaroundcity.trafficsmart.y2013.paid2
http://play.google.com/store/apps/details?id=ca.trafficchicago.activities
http://play.google.com/store/apps/details?id=com.sutromedia.android.guide.colonial.va
http://play.google.com/store/apps/details?id=ca.trafficla.activities
http://play.google.com/store/apps/details?id=com.frogames.off_road
http://play.google.com/store/apps/details?id=com.maxoff.offroad
http://play.google.com/store/apps/details?id=com.hfsad.gamrs
http://play.google.com/store/apps/details?id=com.safsaw.gamrs
http://play.google.com/store/apps/details?id=com.gamr.lamboogallarjrk
http://play.google.com/store/apps/details?id=com.gamr.ffordmmefd
http://play.google.com/store/apps/details?id=com.gamr.chevrollettcamar
http://play.google.com/store/apps/details?id=com.bugatti.ceyyerrn
http://play.google.com/store/apps/details?id=com.McLaren.gtto
http://play.google.com/store/apps/details?id=com.gamr.dodgechalsdlk
http://play.google.com/store/apps/details?id=com.dhrrwffd.gamrs
http://play.google.com/store/apps/details?id=com.gamr.ladordggttt
http://play.google.com/store/apps/details?id=com.AudiR8.gtto
http://play.google.com/store/apps/details?id=com.BMW3.Driivve
http://play.google.com/store/apps/details?id=com.ssss.gamrs
http://play.google.com/store/apps/details?id=com.pegwrwrr.dtoooffwr
http://play.google.com/store/apps/details?id=com.psgllk.dhfh
http://play.google.com/store/apps/details?id=com.dodgee.srtrr
http://play.google.com/store/apps/details?id=com.test_drive.maxcinema
http://play.google.com/store/apps/details?id=com.gamr.ferarrichhhrl
http://play.google.com/store/apps/details?id=com.MaxCinema.runner
http://play.google.com/store/apps/details?id=com.safw.gamrs
http://play.google.com/store/apps/details?id=com.rangee.rovvr
http://play.google.com/store/apps/details?id=com.sugsagspr.sportcasgr
http://play.google.com/store/apps/details?id=com.rethdsffd.gamrs
http://play.google.com/store/apps/details?id=com.gamr.bmmwmmcouupe
http://play.google.com/store/apps/details?id=com.supra.drive
http://play.google.com/store/apps/details?id=com.sssjv.gamrs
http://play.google.com/store/apps/details?id=com.supr.sportcar
http://play.google.com/store/apps/details?id=com.gamr.cadicdfsf
http://play.google.com/store/apps/details?id=com.gamr.caaadicjkj
http://play.google.com/store/apps/details?id=com.ponhkr.dtore
http://play.google.com/store/apps/details?id=com.sssss.gamrs
http://play.google.com/store/apps/details?id=com.gamr.dhviiperh
http://play.google.com/store/apps/details?id=com.hfd.gamrs
http://play.google.com/store/apps/details?id=com.kagghkr.tuuasss
http://play.google.com/store/apps/details?id=com.gamr.crislersert
http://play.google.com/store/apps/details?id=com.pjfdjk.dshhd
http://play.google.com/store/apps/details?id=com.rssad.gamrs
http://play.google.com/store/apps/details?id=com.BdddddMW1116.gtto
http://play.google.com/store/apps/details?id=com.srqrrwr.spfhw
http://play.google.com/store/apps/details?id=com.msffd.gamrs
http://play.google.com/store/apps/details?id=com.softwego.crackscreen.paid
http://play.google.com/store/apps/details?id=com.thedigitalchampiongmailcom.thedigitalchampiongmailcom.digimoninvasion
http://play.google.com/store/apps/details?id=com.laxin.wallpaper.payaquarium
http://play.google.com/store/apps/details?id=com.holosoft.kenny
http://play.google.com/store/apps/details?id=com.sickpillow.animalmatch
